<?xml version="1.0" encoding="UTF-8"?>
<!-- Generated by org.testng.reporters.JUnitXMLReporter -->
<testsuite ignored="0" hostname="EPINHYDW0BE3" failures="0" tests="8" name="Default test" time="0.046" errors="0" timestamp="2024-05-03T15:52:17 IST">
  <testcase classname="calc.Parameterization" name="testAdditionWithDataProvider" time="0.004"/>
  <testcase classname="calc.Parameterization" name="testAdditionWithDataProvider" time="0.001"/>
  <testcase classname="calc.Parameterization" name="testAdditionWithDataProvider" time="0.001"/>
  <testcase classname="calc.Parameterization" name="testAdditionWithDataProvider" time="0.001"/>
  <testcase classname="calc.Parameterization" name="testSubtractionWithDataProvider" time="0.002"/>
  <testcase classname="calc.Parameterization" name="testSubtractionWithDataProvider" time="0.0"/>
  <testcase classname="calc.Parameterization" name="testSubtractionWithDataProvider" time="0.001"/>
  <testcase classname="calc.Parameterization" name="testSubtractionWithDataProvider" time="0.001"/>
</testsuite> <!-- Default test -->
