<?xml version="1.0" encoding="UTF-8"?>
<!-- Generated by org.testng.reporters.JUnitXMLReporter -->
<testsuite ignored="0" hostname="EPINHYDW0BE3" failures="0" tests="9" name="Calculator Test" time="0.059" errors="0" timestamp="2024-05-02T21:03:00 IST">
  <testcase classname="calc.CalculatorTest" name="testAdd" time="0.008"/>
  <testcase classname="calc.CalculatorTest" name="testAddNegative" time="0.001"/>
  <testcase classname="calc.CalculatorTest" name="testDivide" time="0.001"/>
  <testcase classname="calc.CalculatorTest" name="testDivideNegative" time="0.0"/>
  <testcase classname="calc.CalculatorTest" name="testMultiply" time="0.0"/>
  <testcase classname="calc.CalculatorTest" name="testMultiplyNegative" time="0.001"/>
  <testcase classname="calc.CalculatorTest" name="testSquare" time="0.001"/>
  <testcase classname="calc.CalculatorTest" name="testSubtract" time="0.001"/>
  <testcase classname="calc.CalculatorTest" name="testSubtractNegative" time="0.0"/>
</testsuite> <!-- Calculator Test -->
