<?xml version="1.0" encoding="UTF-8"?>
<!-- Generated by org.testng.reporters.JUnitXMLReporter -->
<testsuite ignored="4" hostname="EPINHYDW0BE3" failures="1" tests="18" name="Test" time="0.091" errors="0" timestamp="2024-05-03T16:20:35 IST">
  <testcase classname="calc.CalculatorTestNegative" name="testAddNegative" time="0.005"/>
  <testcase classname="calc.CalculatorTestNegative" name="testDivideByZero" time="0.001"/>
  <testcase classname="calc.CalculatorTestNegative" name="testDivideNegative" time="0.001"/>
  <testcase classname="calc.CalculatorTestNegative" name="testMultiplyNegative" time="0.001"/>
  <testcase classname="calc.CalculatorTestNegative" name="testSubtractNegative" time="0.001"/>
  <testcase classname="calc.CalculatorTestPositive" name="testAdd" time="0.002">
    <failure type="java.lang.AssertionError" message="expected [4] but found [5]">
      <![CDATA[java.lang.AssertionError: expected [4] but found [5]
at calc.CalculatorTestPositive.testAdd(CalculatorTestPositive.java:12)
at java.base/java.util.ArrayList.forEach(ArrayList.java:1511)
at java.base/java.util.concurrent.FutureTask.run(FutureTask.java:264)
at java.base/java.util.concurrent.ThreadPoolExecutor.runWorker(ThreadPoolExecutor.java:1136)
at java.base/java.util.concurrent.ThreadPoolExecutor$Worker.run(ThreadPoolExecutor.java:635)
at java.base/java.lang.Thread.run(Thread.java:840)
... Removed 24 stack frames]]>
    </failure>
  </testcase> <!-- testAdd -->
  <testcase classname="calc.CalculatorTestPositive" name="testDivide" time="0.001"/>
  <testcase classname="calc.CalculatorTestPositive" name="testMultiply" time="0.0"/>
  <testcase classname="calc.CalculatorTestPositive" name="testSquare" time="0.001"/>
  <testcase classname="calc.CalculatorTestPositive" name="testSubtract" time="0.001"/>
  <testcase classname="calc.Parameterization" name="testAdditionWithDataProvider" time="0.002"/>
  <testcase classname="calc.Parameterization" name="testAdditionWithDataProvider" time="0.0"/>
  <testcase classname="calc.Parameterization" name="testAdditionWithDataProvider" time="0.002"/>
  <testcase classname="calc.Parameterization" name="testAdditionWithDataProvider" time="0.0"/>
  <testcase classname="calc.Parameterization" name="testSubtractionWithDataProvider" time="0.001"/>
  <testcase classname="calc.Parameterization" name="testSubtractionWithDataProvider" time="0.001"/>
  <testcase classname="calc.Parameterization" name="testSubtractionWithDataProvider" time="0.001"/>
  <testcase classname="calc.Parameterization" name="testSubtractionWithDataProvider" time="0.001"/>
  <testcase classname="basicfunc.Base" name="@AfterSuite tearDown" time="0.0">
    <ignored/>
  </testcase> <!-- @AfterSuite tearDown -->
  <testcase classname="basicfunc.Base" name="@AfterSuite tearDown" time="0.0">
    <ignored/>
  </testcase> <!-- @AfterSuite tearDown -->
  <testcase classname="basicfunc.Base" name="@BeforeSuite setUpReport" time="0.0">
    <ignored/>
  </testcase> <!-- @BeforeSuite setUpReport -->
  <testcase classname="basicfunc.Base" name="@BeforeSuite setUpReport" time="0.0">
    <ignored/>
  </testcase> <!-- @BeforeSuite setUpReport -->
</testsuite> <!-- Test -->
