<?xml version="1.0" encoding="UTF-8"?>
<!-- Generated by org.testng.reporters.JUnitXMLReporter -->
<testsuite ignored="4" hostname="EPINHYDW0BE3" failures="1" tests="1" name="Test(failed)" time="0.103" errors="0" timestamp="2024-05-03T14:04:04 IST">
  <testcase classname="calc.CalculatorTestPositive" name="testAdd" time="0.014">
    <failure type="java.lang.AssertionError" message="expected [4] but found [5]">
      <![CDATA[java.lang.AssertionError: expected [4] but found [5]
at calc.CalculatorTestPositive.testAdd(CalculatorTestPositive.java:27)
at java.base/java.util.ArrayList.forEach(ArrayList.java:1511)
at java.base/java.util.concurrent.FutureTask.run(FutureTask.java:264)
at java.base/java.util.concurrent.ThreadPoolExecutor.runWorker(ThreadPoolExecutor.java:1136)
at java.base/java.util.concurrent.ThreadPoolExecutor$Worker.run(ThreadPoolExecutor.java:635)
at java.base/java.lang.Thread.run(Thread.java:840)
... Removed 24 stack frames]]>
    </failure>
  </testcase> <!-- testAdd -->
  <testcase classname="calc.CalculatorTestPositive" name="testMultiply" time="0.0">
    <ignored/>
  </testcase> <!-- testMultiply -->
  <testcase classname="calc.CalculatorTestPositive" name="testDivide" time="0.0">
    <ignored/>
  </testcase> <!-- testDivide -->
  <testcase classname="calc.CalculatorTestPositive" name="testSubtract" time="0.0">
    <ignored/>
  </testcase> <!-- testSubtract -->
  <testcase classname="calc.CalculatorTestPositive" name="testSquare" time="0.0">
    <ignored/>
  </testcase> <!-- testSquare -->
</testsuite> <!-- Test(failed) -->
