<?xml version="1.0" encoding="UTF-8"?>
<testng-results ignored="4" total="22" passed="17" failed="1" skipped="0">
  <reporter-output>
  </reporter-output>
  <suite started-at="2024-05-03T16:20:35 IST" name="Suite" finished-at="2024-05-03T16:20:35 IST" duration-ms="91">
    <groups>
      <group name="fail">
        <method signature="CalculatorTestPositive.testAdd()[pri:0, instance:calc.CalculatorTestPositive@1ed6388a]" name="testAdd" class="calc.CalculatorTestPositive"/>
      </group> <!-- fail -->
      <group name="pass">
        <method signature="CalculatorTestPositive.testDivide()[pri:0, instance:calc.CalculatorTestPositive@1ed6388a]" name="testDivide" class="calc.CalculatorTestPositive"/>
        <method signature="CalculatorTestPositive.testMultiply()[pri:0, instance:calc.CalculatorTestPositive@1ed6388a]" name="testMultiply" class="calc.CalculatorTestPositive"/>
        <method signature="CalculatorTestPositive.testSquare()[pri:0, instance:calc.CalculatorTestPositive@1ed6388a]" name="testSquare" class="calc.CalculatorTestPositive"/>
        <method signature="CalculatorTestPositive.testSubtract()[pri:0, instance:calc.CalculatorTestPositive@1ed6388a]" name="testSubtract" class="calc.CalculatorTestPositive"/>
      </group> <!-- pass -->
    </groups>
    <test started-at="2024-05-03T16:20:35 IST" name="Test" finished-at="2024-05-03T16:20:35 IST" duration-ms="91">
      <class name="calc.CalculatorTestNegative">
        <test-method is-config="true" signature="setUpReport()[pri:0, instance:calc.CalculatorTestNegative@273e7444]" started-at="2024-05-03T16:20:35 IST" name="setUpReport" finished-at="2024-05-03T16:20:35 IST" duration-ms="219" status="PASS">
          <reporter-output>
          </reporter-output>
        </test-method> <!-- setUpReport -->
        <test-method is-config="true" signature="beforeClass()[pri:0, instance:calc.CalculatorTestNegative@273e7444]" started-at="2024-05-03T16:20:35 IST" name="beforeClass" finished-at="2024-05-03T16:20:35 IST" duration-ms="0" status="PASS">
          <reporter-output>
          </reporter-output>
        </test-method> <!-- beforeClass -->
        <test-method is-config="true" signature="setup(org.testng.ITestContext)[pri:0, instance:calc.CalculatorTestNegative@273e7444]" started-at="2024-05-03T16:20:35 IST" name="setup" finished-at="2024-05-03T16:20:35 IST" duration-ms="7" status="PASS">
          <params>
            <param index="0">
              <value>
                <![CDATA[org.testng.TestRunner@6bd7a370]]>
              </value>
            </param>
          </params>
          <reporter-output>
          </reporter-output>
        </test-method> <!-- setup -->
        <test-method signature="testAddNegative()[pri:0, instance:calc.CalculatorTestNegative@273e7444]" started-at="2024-05-03T16:20:35 IST" name="testAddNegative" finished-at="2024-05-03T16:20:35 IST" duration-ms="5" status="PASS">
          <reporter-output>
          </reporter-output>
        </test-method> <!-- testAddNegative -->
        <test-method is-config="true" signature="teardown()[pri:0, instance:calc.CalculatorTestNegative@273e7444]" started-at="2024-05-03T16:20:35 IST" name="teardown" finished-at="2024-05-03T16:20:35 IST" duration-ms="0" status="PASS">
          <reporter-output>
          </reporter-output>
        </test-method> <!-- teardown -->
        <test-method is-config="true" signature="setup(org.testng.ITestContext)[pri:0, instance:calc.CalculatorTestNegative@273e7444]" started-at="2024-05-03T16:20:35 IST" name="setup" finished-at="2024-05-03T16:20:35 IST" duration-ms="0" status="PASS">
          <params>
            <param index="0">
              <value>
                <![CDATA[org.testng.TestRunner@6bd7a370]]>
              </value>
            </param>
          </params>
          <reporter-output>
          </reporter-output>
        </test-method> <!-- setup -->
        <test-method signature="testDivideByZero()[pri:0, instance:calc.CalculatorTestNegative@273e7444]" started-at="2024-05-03T16:20:35 IST" name="testDivideByZero" finished-at="2024-05-03T16:20:35 IST" duration-ms="1" status="PASS">
          <exception class="java.lang.ArithmeticException">
            <message>
              <![CDATA[/ by zero]]>
            </message>
            <full-stacktrace>
              <![CDATA[java.lang.ArithmeticException: / by zero
at calc.CalculatorTestNegative.testDivideByZero(CalculatorTestNegative.java:13)
at java.base/jdk.internal.reflect.NativeMethodAccessorImpl.invoke0(Native Method)
at java.base/jdk.internal.reflect.NativeMethodAccessorImpl.invoke(NativeMethodAccessorImpl.java:77)
at java.base/jdk.internal.reflect.DelegatingMethodAccessorImpl.invoke(DelegatingMethodAccessorImpl.java:43)
at java.base/java.lang.reflect.Method.invoke(Method.java:568)
at org.testng.internal.MethodInvocationHelper.invokeMethod(MethodInvocationHelper.java:133)
at org.testng.internal.TestInvoker.invokeMethod(TestInvoker.java:598)
at org.testng.internal.TestInvoker.invokeTestMethod(TestInvoker.java:173)
at org.testng.internal.MethodRunner.runInSequence(MethodRunner.java:46)
at org.testng.internal.TestInvoker$MethodInvocationAgent.invoke(TestInvoker.java:824)
at org.testng.internal.TestInvoker.invokeTestMethods(TestInvoker.java:146)
at org.testng.internal.TestMethodWorker.invokeTestMethods(TestMethodWorker.java:146)
at org.testng.internal.TestMethodWorker.run(TestMethodWorker.java:128)
at java.base/java.util.ArrayList.forEach(ArrayList.java:1511)
at org.testng.TestRunner.privateRun(TestRunner.java:794)
at org.testng.TestRunner.run(TestRunner.java:596)
at org.testng.SuiteRunner.runTest(SuiteRunner.java:377)
at org.testng.SuiteRunner.access$000(SuiteRunner.java:28)
at org.testng.SuiteRunner$SuiteWorker.run(SuiteRunner.java:418)
at org.testng.internal.thread.ThreadUtil.lambda$execute$0(ThreadUtil.java:64)
at java.base/java.util.concurrent.FutureTask.run(FutureTask.java:264)
at java.base/java.util.concurrent.ThreadPoolExecutor.runWorker(ThreadPoolExecutor.java:1136)
at java.base/java.util.concurrent.ThreadPoolExecutor$Worker.run(ThreadPoolExecutor.java:635)
at java.base/java.lang.Thread.run(Thread.java:840)
]]>
            </full-stacktrace>
          </exception> <!-- java.lang.ArithmeticException -->
          <reporter-output>
          </reporter-output>
        </test-method> <!-- testDivideByZero -->
        <test-method is-config="true" signature="teardown()[pri:0, instance:calc.CalculatorTestNegative@273e7444]" started-at="2024-05-03T16:20:35 IST" name="teardown" finished-at="2024-05-03T16:20:35 IST" duration-ms="0" status="PASS">
          <reporter-output>
          </reporter-output>
        </test-method> <!-- teardown -->
        <test-method signature="testDivideNegative()[pri:0, instance:calc.CalculatorTestNegative@273e7444]" started-at="2024-05-03T16:20:35 IST" name="testDivideNegative" finished-at="2024-05-03T16:20:35 IST" duration-ms="1" status="PASS">
          <reporter-output>
          </reporter-output>
        </test-method> <!-- testDivideNegative -->
        <test-method is-config="true" signature="setup(org.testng.ITestContext)[pri:0, instance:calc.CalculatorTestNegative@273e7444]" started-at="2024-05-03T16:20:35 IST" name="setup" finished-at="2024-05-03T16:20:35 IST" duration-ms="0" status="PASS">
          <params>
            <param index="0">
              <value>
                <![CDATA[org.testng.TestRunner@6bd7a370]]>
              </value>
            </param>
          </params>
          <reporter-output>
          </reporter-output>
        </test-method> <!-- setup -->
        <test-method is-config="true" signature="setup(org.testng.ITestContext)[pri:0, instance:calc.CalculatorTestNegative@273e7444]" started-at="2024-05-03T16:20:35 IST" name="setup" finished-at="2024-05-03T16:20:35 IST" duration-ms="1" status="PASS">
          <params>
            <param index="0">
              <value>
                <![CDATA[org.testng.TestRunner@6bd7a370]]>
              </value>
            </param>
          </params>
          <reporter-output>
          </reporter-output>
        </test-method> <!-- setup -->
        <test-method is-config="true" signature="teardown()[pri:0, instance:calc.CalculatorTestNegative@273e7444]" started-at="2024-05-03T16:20:35 IST" name="teardown" finished-at="2024-05-03T16:20:35 IST" duration-ms="0" status="PASS">
          <reporter-output>
          </reporter-output>
        </test-method> <!-- teardown -->
        <test-method signature="testMultiplyNegative()[pri:0, instance:calc.CalculatorTestNegative@273e7444]" started-at="2024-05-03T16:20:35 IST" name="testMultiplyNegative" finished-at="2024-05-03T16:20:35 IST" duration-ms="1" status="PASS">
          <reporter-output>
          </reporter-output>
        </test-method> <!-- testMultiplyNegative -->
        <test-method is-config="true" signature="teardown()[pri:0, instance:calc.CalculatorTestNegative@273e7444]" started-at="2024-05-03T16:20:35 IST" name="teardown" finished-at="2024-05-03T16:20:35 IST" duration-ms="0" status="PASS">
          <reporter-output>
          </reporter-output>
        </test-method> <!-- teardown -->
        <test-method is-config="true" signature="setup(org.testng.ITestContext)[pri:0, instance:calc.CalculatorTestNegative@273e7444]" started-at="2024-05-03T16:20:35 IST" name="setup" finished-at="2024-05-03T16:20:35 IST" duration-ms="1" status="PASS">
          <params>
            <param index="0">
              <value>
                <![CDATA[org.testng.TestRunner@6bd7a370]]>
              </value>
            </param>
          </params>
          <reporter-output>
          </reporter-output>
        </test-method> <!-- setup -->
        <test-method signature="testSubtractNegative()[pri:0, instance:calc.CalculatorTestNegative@273e7444]" started-at="2024-05-03T16:20:35 IST" name="testSubtractNegative" finished-at="2024-05-03T16:20:35 IST" duration-ms="1" status="PASS">
          <reporter-output>
          </reporter-output>
        </test-method> <!-- testSubtractNegative -->
        <test-method is-config="true" signature="teardown()[pri:0, instance:calc.CalculatorTestNegative@273e7444]" started-at="2024-05-03T16:20:35 IST" name="teardown" finished-at="2024-05-03T16:20:35 IST" duration-ms="0" status="PASS">
          <reporter-output>
          </reporter-output>
        </test-method> <!-- teardown -->
        <test-method is-config="true" signature="afterClass()[pri:0, instance:calc.CalculatorTestNegative@273e7444]" started-at="2024-05-03T16:20:35 IST" name="afterClass" finished-at="2024-05-03T16:20:35 IST" duration-ms="0" status="PASS">
          <reporter-output>
          </reporter-output>
        </test-method> <!-- afterClass -->
        <test-method is-config="true" signature="tearDown()[pri:0, instance:calc.CalculatorTestNegative@273e7444]" started-at="2024-05-03T16:20:35 IST" name="tearDown" finished-at="2024-05-03T16:20:35 IST" duration-ms="248" status="PASS">
          <reporter-output>
          </reporter-output>
        </test-method> <!-- tearDown -->
      </class> <!-- calc.CalculatorTestNegative -->
      <class name="calc.Parameterization">
        <test-method is-config="true" signature="beforeClass()[pri:0, instance:calc.Parameterization@5a45133e]" started-at="2024-05-03T16:20:35 IST" name="beforeClass" finished-at="2024-05-03T16:20:35 IST" duration-ms="0" status="PASS">
          <reporter-output>
          </reporter-output>
        </test-method> <!-- beforeClass -->
        <test-method is-config="true" signature="setup(org.testng.ITestContext)[pri:0, instance:calc.Parameterization@5a45133e]" started-at="2024-05-03T16:20:35 IST" name="setup" finished-at="2024-05-03T16:20:35 IST" duration-ms="1" status="PASS">
          <params>
            <param index="0">
              <value>
                <![CDATA[org.testng.TestRunner@6bd7a370]]>
              </value>
            </param>
          </params>
          <reporter-output>
          </reporter-output>
        </test-method> <!-- setup -->
        <test-method signature="testAdditionWithDataProvider(int,int,int)[pri:0, instance:calc.Parameterization@5a45133e]" started-at="2024-05-03T16:20:35 IST" name="testAdditionWithDataProvider" data-provider="additionDataProvider" finished-at="2024-05-03T16:20:35 IST" duration-ms="2" status="PASS">
          <params>
            <param index="0">
              <value>
                <![CDATA[2]]>
              </value>
            </param>
            <param index="1">
              <value>
                <![CDATA[3]]>
              </value>
            </param>
            <param index="2">
              <value>
                <![CDATA[5]]>
              </value>
            </param>
          </params>
          <reporter-output>
          </reporter-output>
        </test-method> <!-- testAdditionWithDataProvider -->
        <test-method is-config="true" signature="teardown()[pri:0, instance:calc.Parameterization@5a45133e]" started-at="2024-05-03T16:20:35 IST" name="teardown" finished-at="2024-05-03T16:20:35 IST" duration-ms="0" status="PASS">
          <reporter-output>
          </reporter-output>
        </test-method> <!-- teardown -->
        <test-method is-config="true" signature="setup(org.testng.ITestContext)[pri:0, instance:calc.Parameterization@5a45133e]" started-at="2024-05-03T16:20:35 IST" name="setup" finished-at="2024-05-03T16:20:35 IST" duration-ms="1" status="PASS">
          <params>
            <param index="0">
              <value>
                <![CDATA[org.testng.TestRunner@6bd7a370]]>
              </value>
            </param>
          </params>
          <reporter-output>
          </reporter-output>
        </test-method> <!-- setup -->
        <test-method signature="testAdditionWithDataProvider(int,int,int)[pri:0, instance:calc.Parameterization@5a45133e]" started-at="2024-05-03T16:20:35 IST" name="testAdditionWithDataProvider" data-provider="additionDataProvider" finished-at="2024-05-03T16:20:35 IST" duration-ms="0" status="PASS">
          <params>
            <param index="0">
              <value>
                <![CDATA[-2]]>
              </value>
            </param>
            <param index="1">
              <value>
                <![CDATA[6]]>
              </value>
            </param>
            <param index="2">
              <value>
                <![CDATA[4]]>
              </value>
            </param>
          </params>
          <reporter-output>
          </reporter-output>
        </test-method> <!-- testAdditionWithDataProvider -->
        <test-method is-config="true" signature="teardown()[pri:0, instance:calc.Parameterization@5a45133e]" started-at="2024-05-03T16:20:35 IST" name="teardown" finished-at="2024-05-03T16:20:35 IST" duration-ms="1" status="PASS">
          <reporter-output>
          </reporter-output>
        </test-method> <!-- teardown -->
        <test-method signature="testAdditionWithDataProvider(int,int,int)[pri:0, instance:calc.Parameterization@5a45133e]" started-at="2024-05-03T16:20:35 IST" name="testAdditionWithDataProvider" data-provider="additionDataProvider" finished-at="2024-05-03T16:20:35 IST" duration-ms="2" status="PASS">
          <params>
            <param index="0">
              <value>
                <![CDATA[7]]>
              </value>
            </param>
            <param index="1">
              <value>
                <![CDATA[3]]>
              </value>
            </param>
            <param index="2">
              <value>
                <![CDATA[10]]>
              </value>
            </param>
          </params>
          <reporter-output>
          </reporter-output>
        </test-method> <!-- testAdditionWithDataProvider -->
        <test-method is-config="true" signature="setup(org.testng.ITestContext)[pri:0, instance:calc.Parameterization@5a45133e]" started-at="2024-05-03T16:20:35 IST" name="setup" finished-at="2024-05-03T16:20:35 IST" duration-ms="0" status="PASS">
          <params>
            <param index="0">
              <value>
                <![CDATA[org.testng.TestRunner@6bd7a370]]>
              </value>
            </param>
          </params>
          <reporter-output>
          </reporter-output>
        </test-method> <!-- setup -->
        <test-method is-config="true" signature="teardown()[pri:0, instance:calc.Parameterization@5a45133e]" started-at="2024-05-03T16:20:35 IST" name="teardown" finished-at="2024-05-03T16:20:35 IST" duration-ms="0" status="PASS">
          <reporter-output>
          </reporter-output>
        </test-method> <!-- teardown -->
        <test-method is-config="true" signature="setup(org.testng.ITestContext)[pri:0, instance:calc.Parameterization@5a45133e]" started-at="2024-05-03T16:20:35 IST" name="setup" finished-at="2024-05-03T16:20:35 IST" duration-ms="1" status="PASS">
          <params>
            <param index="0">
              <value>
                <![CDATA[org.testng.TestRunner@6bd7a370]]>
              </value>
            </param>
          </params>
          <reporter-output>
          </reporter-output>
        </test-method> <!-- setup -->
        <test-method signature="testAdditionWithDataProvider(int,int,int)[pri:0, instance:calc.Parameterization@5a45133e]" started-at="2024-05-03T16:20:35 IST" name="testAdditionWithDataProvider" data-provider="additionDataProvider" finished-at="2024-05-03T16:20:35 IST" duration-ms="0" status="PASS">
          <params>
            <param index="0">
              <value>
                <![CDATA[-4]]>
              </value>
            </param>
            <param index="1">
              <value>
                <![CDATA[-1]]>
              </value>
            </param>
            <param index="2">
              <value>
                <![CDATA[-5]]>
              </value>
            </param>
          </params>
          <reporter-output>
          </reporter-output>
        </test-method> <!-- testAdditionWithDataProvider -->
        <test-method is-config="true" signature="setup(org.testng.ITestContext)[pri:0, instance:calc.Parameterization@5a45133e]" started-at="2024-05-03T16:20:35 IST" name="setup" finished-at="2024-05-03T16:20:35 IST" duration-ms="1" status="PASS">
          <params>
            <param index="0">
              <value>
                <![CDATA[org.testng.TestRunner@6bd7a370]]>
              </value>
            </param>
          </params>
          <reporter-output>
          </reporter-output>
        </test-method> <!-- setup -->
        <test-method is-config="true" signature="teardown()[pri:0, instance:calc.Parameterization@5a45133e]" started-at="2024-05-03T16:20:35 IST" name="teardown" finished-at="2024-05-03T16:20:35 IST" duration-ms="0" status="PASS">
          <reporter-output>
          </reporter-output>
        </test-method> <!-- teardown -->
        <test-method signature="testSubtractionWithDataProvider(int,int,int)[pri:0, instance:calc.Parameterization@5a45133e]" started-at="2024-05-03T16:20:35 IST" name="testSubtractionWithDataProvider" data-provider="subtractionDataProvider" finished-at="2024-05-03T16:20:35 IST" duration-ms="1" status="PASS">
          <params>
            <param index="0">
              <value>
                <![CDATA[2]]>
              </value>
            </param>
            <param index="1">
              <value>
                <![CDATA[3]]>
              </value>
            </param>
            <param index="2">
              <value>
                <![CDATA[-1]]>
              </value>
            </param>
          </params>
          <reporter-output>
          </reporter-output>
        </test-method> <!-- testSubtractionWithDataProvider -->
        <test-method is-config="true" signature="teardown()[pri:0, instance:calc.Parameterization@5a45133e]" started-at="2024-05-03T16:20:35 IST" name="teardown" finished-at="2024-05-03T16:20:35 IST" duration-ms="0" status="PASS">
          <reporter-output>
          </reporter-output>
        </test-method> <!-- teardown -->
        <test-method signature="testSubtractionWithDataProvider(int,int,int)[pri:0, instance:calc.Parameterization@5a45133e]" started-at="2024-05-03T16:20:35 IST" name="testSubtractionWithDataProvider" data-provider="subtractionDataProvider" finished-at="2024-05-03T16:20:35 IST" duration-ms="1" status="PASS">
          <params>
            <param index="0">
              <value>
                <![CDATA[-2]]>
              </value>
            </param>
            <param index="1">
              <value>
                <![CDATA[6]]>
              </value>
            </param>
            <param index="2">
              <value>
                <![CDATA[-8]]>
              </value>
            </param>
          </params>
          <reporter-output>
          </reporter-output>
        </test-method> <!-- testSubtractionWithDataProvider -->
        <test-method is-config="true" signature="setup(org.testng.ITestContext)[pri:0, instance:calc.Parameterization@5a45133e]" started-at="2024-05-03T16:20:35 IST" name="setup" finished-at="2024-05-03T16:20:35 IST" duration-ms="0" status="PASS">
          <params>
            <param index="0">
              <value>
                <![CDATA[org.testng.TestRunner@6bd7a370]]>
              </value>
            </param>
          </params>
          <reporter-output>
          </reporter-output>
        </test-method> <!-- setup -->
        <test-method is-config="true" signature="teardown()[pri:0, instance:calc.Parameterization@5a45133e]" started-at="2024-05-03T16:20:35 IST" name="teardown" finished-at="2024-05-03T16:20:35 IST" duration-ms="1" status="PASS">
          <reporter-output>
          </reporter-output>
        </test-method> <!-- teardown -->
        <test-method is-config="true" signature="setup(org.testng.ITestContext)[pri:0, instance:calc.Parameterization@5a45133e]" started-at="2024-05-03T16:20:35 IST" name="setup" finished-at="2024-05-03T16:20:35 IST" duration-ms="0" status="PASS">
          <params>
            <param index="0">
              <value>
                <![CDATA[org.testng.TestRunner@6bd7a370]]>
              </value>
            </param>
          </params>
          <reporter-output>
          </reporter-output>
        </test-method> <!-- setup -->
        <test-method signature="testSubtractionWithDataProvider(int,int,int)[pri:0, instance:calc.Parameterization@5a45133e]" started-at="2024-05-03T16:20:35 IST" name="testSubtractionWithDataProvider" data-provider="subtractionDataProvider" finished-at="2024-05-03T16:20:35 IST" duration-ms="1" status="PASS">
          <params>
            <param index="0">
              <value>
                <![CDATA[7]]>
              </value>
            </param>
            <param index="1">
              <value>
                <![CDATA[3]]>
              </value>
            </param>
            <param index="2">
              <value>
                <![CDATA[4]]>
              </value>
            </param>
          </params>
          <reporter-output>
          </reporter-output>
        </test-method> <!-- testSubtractionWithDataProvider -->
        <test-method signature="testSubtractionWithDataProvider(int,int,int)[pri:0, instance:calc.Parameterization@5a45133e]" started-at="2024-05-03T16:20:35 IST" name="testSubtractionWithDataProvider" data-provider="subtractionDataProvider" finished-at="2024-05-03T16:20:35 IST" duration-ms="1" status="PASS">
          <params>
            <param index="0">
              <value>
                <![CDATA[-4]]>
              </value>
            </param>
            <param index="1">
              <value>
                <![CDATA[-1]]>
              </value>
            </param>
            <param index="2">
              <value>
                <![CDATA[-3]]>
              </value>
            </param>
          </params>
          <reporter-output>
          </reporter-output>
        </test-method> <!-- testSubtractionWithDataProvider -->
        <test-method is-config="true" signature="teardown()[pri:0, instance:calc.Parameterization@5a45133e]" started-at="2024-05-03T16:20:35 IST" name="teardown" finished-at="2024-05-03T16:20:35 IST" duration-ms="0" status="PASS">
          <reporter-output>
          </reporter-output>
        </test-method> <!-- teardown -->
        <test-method is-config="true" signature="setup(org.testng.ITestContext)[pri:0, instance:calc.Parameterization@5a45133e]" started-at="2024-05-03T16:20:35 IST" name="setup" finished-at="2024-05-03T16:20:35 IST" duration-ms="0" status="PASS">
          <params>
            <param index="0">
              <value>
                <![CDATA[org.testng.TestRunner@6bd7a370]]>
              </value>
            </param>
          </params>
          <reporter-output>
          </reporter-output>
        </test-method> <!-- setup -->
        <test-method is-config="true" signature="afterClass()[pri:0, instance:calc.Parameterization@5a45133e]" started-at="2024-05-03T16:20:35 IST" name="afterClass" finished-at="2024-05-03T16:20:35 IST" duration-ms="0" status="PASS">
          <reporter-output>
          </reporter-output>
        </test-method> <!-- afterClass -->
        <test-method is-config="true" signature="teardown()[pri:0, instance:calc.Parameterization@5a45133e]" started-at="2024-05-03T16:20:35 IST" name="teardown" finished-at="2024-05-03T16:20:35 IST" duration-ms="0" status="PASS">
          <reporter-output>
          </reporter-output>
        </test-method> <!-- teardown -->
      </class> <!-- calc.Parameterization -->
      <class name="calc.CalculatorTestPositive">
        <test-method is-config="true" signature="beforeClass()[pri:0, instance:calc.CalculatorTestPositive@1ed6388a]" started-at="2024-05-03T16:20:35 IST" name="beforeClass" finished-at="2024-05-03T16:20:35 IST" duration-ms="0" status="PASS">
          <reporter-output>
          </reporter-output>
        </test-method> <!-- beforeClass -->
        <test-method is-config="true" signature="setup(org.testng.ITestContext)[pri:0, instance:calc.CalculatorTestPositive@1ed6388a]" started-at="2024-05-03T16:20:35 IST" name="setup" finished-at="2024-05-03T16:20:35 IST" duration-ms="1" status="PASS">
          <params>
            <param index="0">
              <value>
                <![CDATA[org.testng.TestRunner@6bd7a370]]>
              </value>
            </param>
          </params>
          <reporter-output>
          </reporter-output>
        </test-method> <!-- setup -->
        <test-method signature="testAdd()[pri:0, instance:calc.CalculatorTestPositive@1ed6388a]" started-at="2024-05-03T16:20:35 IST" name="testAdd" finished-at="2024-05-03T16:20:35 IST" duration-ms="2" status="FAIL">
          <exception class="java.lang.AssertionError">
            <message>
              <![CDATA[expected [4] but found [5]]]>
            </message>
            <full-stacktrace>
              <![CDATA[java.lang.AssertionError: expected [4] but found [5]
at org.testng.Assert.fail(Assert.java:99)
at org.testng.Assert.failNotEquals(Assert.java:1037)
at org.testng.Assert.assertEqualsImpl(Assert.java:140)
at org.testng.Assert.assertEquals(Assert.java:122)
at org.testng.Assert.assertEquals(Assert.java:797)
at org.testng.Assert.assertEquals(Assert.java:807)
at calc.CalculatorTestPositive.testAdd(CalculatorTestPositive.java:12)
at java.base/jdk.internal.reflect.NativeMethodAccessorImpl.invoke0(Native Method)
at java.base/jdk.internal.reflect.NativeMethodAccessorImpl.invoke(NativeMethodAccessorImpl.java:77)
at java.base/jdk.internal.reflect.DelegatingMethodAccessorImpl.invoke(DelegatingMethodAccessorImpl.java:43)
at java.base/java.lang.reflect.Method.invoke(Method.java:568)
at org.testng.internal.MethodInvocationHelper.invokeMethod(MethodInvocationHelper.java:133)
at org.testng.internal.TestInvoker.invokeMethod(TestInvoker.java:598)
at org.testng.internal.TestInvoker.invokeTestMethod(TestInvoker.java:173)
at org.testng.internal.MethodRunner.runInSequence(MethodRunner.java:46)
at org.testng.internal.TestInvoker$MethodInvocationAgent.invoke(TestInvoker.java:824)
at org.testng.internal.TestInvoker.invokeTestMethods(TestInvoker.java:146)
at org.testng.internal.TestMethodWorker.invokeTestMethods(TestMethodWorker.java:146)
at org.testng.internal.TestMethodWorker.run(TestMethodWorker.java:128)
at java.base/java.util.ArrayList.forEach(ArrayList.java:1511)
at org.testng.TestRunner.privateRun(TestRunner.java:794)
at org.testng.TestRunner.run(TestRunner.java:596)
at org.testng.SuiteRunner.runTest(SuiteRunner.java:377)
at org.testng.SuiteRunner.access$000(SuiteRunner.java:28)
at org.testng.SuiteRunner$SuiteWorker.run(SuiteRunner.java:418)
at org.testng.internal.thread.ThreadUtil.lambda$execute$0(ThreadUtil.java:64)
at java.base/java.util.concurrent.FutureTask.run(FutureTask.java:264)
at java.base/java.util.concurrent.ThreadPoolExecutor.runWorker(ThreadPoolExecutor.java:1136)
at java.base/java.util.concurrent.ThreadPoolExecutor$Worker.run(ThreadPoolExecutor.java:635)
at java.base/java.lang.Thread.run(Thread.java:840)
]]>
            </full-stacktrace>
          </exception> <!-- java.lang.AssertionError -->
          <reporter-output>
          </reporter-output>
        </test-method> <!-- testAdd -->
        <test-method is-config="true" signature="teardown()[pri:0, instance:calc.CalculatorTestPositive@1ed6388a]" started-at="2024-05-03T16:20:35 IST" name="teardown" finished-at="2024-05-03T16:20:35 IST" duration-ms="0" status="PASS">
          <reporter-output>
          </reporter-output>
        </test-method> <!-- teardown -->
        <test-method signature="testDivide()[pri:0, instance:calc.CalculatorTestPositive@1ed6388a]" started-at="2024-05-03T16:20:35 IST" name="testDivide" finished-at="2024-05-03T16:20:35 IST" duration-ms="1" status="PASS">
          <reporter-output>
          </reporter-output>
        </test-method> <!-- testDivide -->
        <test-method is-config="true" signature="setup(org.testng.ITestContext)[pri:0, instance:calc.CalculatorTestPositive@1ed6388a]" started-at="2024-05-03T16:20:35 IST" name="setup" finished-at="2024-05-03T16:20:35 IST" duration-ms="0" status="PASS">
          <params>
            <param index="0">
              <value>
                <![CDATA[org.testng.TestRunner@6bd7a370]]>
              </value>
            </param>
          </params>
          <reporter-output>
          </reporter-output>
        </test-method> <!-- setup -->
        <test-method is-config="true" signature="setup(org.testng.ITestContext)[pri:0, instance:calc.CalculatorTestPositive@1ed6388a]" started-at="2024-05-03T16:20:35 IST" name="setup" finished-at="2024-05-03T16:20:35 IST" duration-ms="1" status="PASS">
          <params>
            <param index="0">
              <value>
                <![CDATA[org.testng.TestRunner@6bd7a370]]>
              </value>
            </param>
          </params>
          <reporter-output>
          </reporter-output>
        </test-method> <!-- setup -->
        <test-method is-config="true" signature="teardown()[pri:0, instance:calc.CalculatorTestPositive@1ed6388a]" started-at="2024-05-03T16:20:35 IST" name="teardown" finished-at="2024-05-03T16:20:35 IST" duration-ms="0" status="PASS">
          <reporter-output>
          </reporter-output>
        </test-method> <!-- teardown -->
        <test-method signature="testMultiply()[pri:0, instance:calc.CalculatorTestPositive@1ed6388a]" started-at="2024-05-03T16:20:35 IST" name="testMultiply" finished-at="2024-05-03T16:20:35 IST" duration-ms="0" status="PASS">
          <reporter-output>
          </reporter-output>
        </test-method> <!-- testMultiply -->
        <test-method is-config="true" signature="teardown()[pri:0, instance:calc.CalculatorTestPositive@1ed6388a]" started-at="2024-05-03T16:20:35 IST" name="teardown" finished-at="2024-05-03T16:20:35 IST" duration-ms="1" status="PASS">
          <reporter-output>
          </reporter-output>
        </test-method> <!-- teardown -->
        <test-method is-config="true" signature="setup(org.testng.ITestContext)[pri:0, instance:calc.CalculatorTestPositive@1ed6388a]" started-at="2024-05-03T16:20:35 IST" name="setup" finished-at="2024-05-03T16:20:35 IST" duration-ms="0" status="PASS">
          <params>
            <param index="0">
              <value>
                <![CDATA[org.testng.TestRunner@6bd7a370]]>
              </value>
            </param>
          </params>
          <reporter-output>
          </reporter-output>
        </test-method> <!-- setup -->
        <test-method signature="testSquare()[pri:0, instance:calc.CalculatorTestPositive@1ed6388a]" started-at="2024-05-03T16:20:35 IST" name="testSquare" finished-at="2024-05-03T16:20:35 IST" duration-ms="1" status="PASS">
          <reporter-output>
          </reporter-output>
        </test-method> <!-- testSquare -->
        <test-method is-config="true" signature="setup(org.testng.ITestContext)[pri:0, instance:calc.CalculatorTestPositive@1ed6388a]" started-at="2024-05-03T16:20:35 IST" name="setup" finished-at="2024-05-03T16:20:35 IST" duration-ms="1" status="PASS">
          <params>
            <param index="0">
              <value>
                <![CDATA[org.testng.TestRunner@6bd7a370]]>
              </value>
            </param>
          </params>
          <reporter-output>
          </reporter-output>
        </test-method> <!-- setup -->
        <test-method is-config="true" signature="teardown()[pri:0, instance:calc.CalculatorTestPositive@1ed6388a]" started-at="2024-05-03T16:20:35 IST" name="teardown" finished-at="2024-05-03T16:20:35 IST" duration-ms="0" status="PASS">
          <reporter-output>
          </reporter-output>
        </test-method> <!-- teardown -->
        <test-method signature="testSubtract()[pri:0, instance:calc.CalculatorTestPositive@1ed6388a]" started-at="2024-05-03T16:20:35 IST" name="testSubtract" finished-at="2024-05-03T16:20:35 IST" duration-ms="1" status="PASS">
          <reporter-output>
          </reporter-output>
        </test-method> <!-- testSubtract -->
        <test-method is-config="true" signature="teardown()[pri:0, instance:calc.CalculatorTestPositive@1ed6388a]" started-at="2024-05-03T16:20:35 IST" name="teardown" finished-at="2024-05-03T16:20:35 IST" duration-ms="0" status="PASS">
          <reporter-output>
          </reporter-output>
        </test-method> <!-- teardown -->
        <test-method is-config="true" signature="afterClass()[pri:0, instance:calc.CalculatorTestPositive@1ed6388a]" started-at="2024-05-03T16:20:35 IST" name="afterClass" finished-at="2024-05-03T16:20:35 IST" duration-ms="0" status="PASS">
          <reporter-output>
          </reporter-output>
        </test-method> <!-- afterClass -->
      </class> <!-- calc.CalculatorTestPositive -->
    </test> <!-- Test -->
  </suite> <!-- Suite -->
</testng-results>
