<?xml version="1.0" encoding="UTF-8"?>
<!-- Generated by org.testng.reporters.JUnitReportReporter -->
<testsuite hostname="EPINHYDW0BE3" failures="0" tests="8" name="calc.Parameterization" time="0.014" errors="0" timestamp="2024-05-03T16:20:35 IST" skipped="0">
  <testcase classname="calc.Parameterization" name="testAdditionWithDataProvider" time="0.000"/>
  <system-out/>
  <testcase classname="calc.Parameterization" name="testSubtractionWithDataProvider" time="0.002"/>
  <system-out/>
  <testcase classname="calc.Parameterization" name="testAdditionWithDataProvider" time="0.003"/>
  <system-out/>
  <testcase classname="calc.Parameterization" name="testAdditionWithDataProvider" time="0.004"/>
  <system-out/>
  <testcase classname="calc.Parameterization" name="testAdditionWithDataProvider" time="0.001"/>
  <system-out/>
  <testcase classname="calc.Parameterization" name="testSubtractionWithDataProvider" time="0.001"/>
  <system-out/>
  <testcase classname="calc.Parameterization" name="testSubtractionWithDataProvider" time="0.001"/>
  <system-out/>
  <testcase classname="calc.Parameterization" name="testSubtractionWithDataProvider" time="0.002"/>
  <system-out/>
</testsuite> <!-- calc.Parameterization -->
