<?xml version="1.0" encoding="UTF-8"?>
<!-- Generated by org.testng.reporters.JUnitReportReporter -->
<testsuite hostname="EPINHYDW0BE3" failures="0" tests="13" name="calc.CalculatorTest" time="0.029" errors="0" timestamp="2024-05-02T21:09:56 IST" skipped="0">
  <testcase classname="calc.CalculatorTest" name="testSubtractNegative" time="0.001"/>
  <system-out/>
  <testcase classname="calc.CalculatorTest" name="testMultiplyNegative" time="0.002"/>
  <system-out/>
  <testcase classname="calc.CalculatorTest" name="testMultiply" time="0.001"/>
  <system-out/>
  <testcase classname="calc.CalculatorTest" name="testDivideNegative" time="0.001"/>
  <system-out/>
  <testcase classname="calc.CalculatorTest" name="testAddNegative" time="0.003"/>
  <system-out/>
  <testcase classname="calc.CalculatorTest" name="testAdditionWithDataProvider" time="0.002"/>
  <system-out/>
  <testcase classname="calc.CalculatorTest" name="testAdditionWithDataProvider" time="0.002"/>
  <system-out/>
  <testcase classname="calc.CalculatorTest" name="testAdditionWithDataProvider" time="0.002"/>
  <system-out/>
  <testcase classname="calc.CalculatorTest" name="testAdd" time="0.010"/>
  <system-out/>
  <testcase classname="calc.CalculatorTest" name="testSubtract" time="0.001"/>
  <system-out/>
  <testcase classname="calc.CalculatorTest" name="testAdditionWithDataProvider" time="0.001"/>
  <system-out/>
  <testcase classname="calc.CalculatorTest" name="testDivide" time="0.002"/>
  <system-out/>
  <testcase classname="calc.CalculatorTest" name="testSquare" time="0.001"/>
  <system-out/>
</testsuite> <!-- calc.CalculatorTest -->
