<?xml version="1.0" encoding="UTF-8"?>
<!-- Generated by org.testng.reporters.JUnitReportReporter -->
<testsuite hostname="EPINHYDW0BE3" failures="0" tests="5" name="calc.CalculatorTestNegative" time="0.018" errors="0" timestamp="2024-05-03T16:20:35 IST" skipped="0">
  <testcase classname="calc.CalculatorTestNegative" name="testAddNegative" time="0.005"/>
  <system-out/>
  <testcase classname="calc.CalculatorTestNegative" name="testDivideNegative" time="0.002"/>
  <system-out/>
  <testcase classname="calc.CalculatorTestNegative" name="testSubtractNegative" time="0.002"/>
  <system-out/>
  <testcase classname="calc.CalculatorTestNegative" name="testDivideByZero" time="0.001"/>
  <system-out/>
  <testcase classname="calc.CalculatorTestNegative" name="testMultiplyNegative" time="0.008"/>
  <system-out/>
</testsuite> <!-- calc.CalculatorTestNegative -->
